2024-08-20 02:27:29.177 [main] INFO  com.lvchenglong.AdminApiApplication - Starting AdminApiApplication using Java 1.8.0_321 on LAPTOP-P9DR836P with PID 19632 (D:\Java_Projects\FINANCE\server\admin-api\target\classes started by JackieCheng in D:\Java_Projects\FINANCE\server\parent)
2024-08-20 02:27:29.178 [main] DEBUG com.lvchenglong.AdminApiApplication - Running with Spring Boot v2.7.4, Spring v5.3.23
2024-08-20 02:27:29.178 [main] INFO  com.lvchenglong.AdminApiApplication - The following 1 profile is active: "local"
2024-08-20 02:27:29.978 [main] INFO  o.a.catalina.core.StandardService - Starting service [Tomcat]
2024-08-20 02:27:29.978 [main] INFO  o.a.catalina.core.StandardEngine - Starting Servlet engine: [Apache Tomcat/9.0.65]
2024-08-20 02:27:30.047 [main] INFO  o.a.c.c.C.[Tomcat].[localhost].[/] - Initializing Spring embedded WebApplicationContext
2024-08-20 02:27:30.351 [main] INFO  c.l.c.c.RedisTemplateDefaultConfig - RedisTemplateConfig init start ...
2024-08-20 02:27:30.380 [main] INFO  c.l.c.c.RedisTemplateDefaultConfig - RedisTemplateConfig init end
2024-08-20 02:27:30.548 [main] WARN  o.s.b.w.s.c.AnnotationConfigServletWebServerApplicationContext - Exception encountered during context initialization - cancelling refresh attempt: org.springframework.beans.factory.UnsatisfiedDependencyException: Error creating bean with name 'loginController' defined in file [D:\Java_Projects\FINANCE\server\admin-api\target\classes\com\lvchenglong\adminApi\controller\LoginController.class]: Unsatisfied dependency expressed through constructor parameter 0; nested exception is org.springframework.beans.factory.UnsatisfiedDependencyException: Error creating bean with name 'memberLoginServiceImpl' defined in file [D:\Java_Projects\FINANCE\server\biz\target\classes\com\lvchenglong\biz\service\impl\MemberLoginServiceImpl.class]: Unsatisfied dependency expressed through constructor parameter 1; nested exception is org.springframework.beans.factory.UnsatisfiedDependencyException: Error creating bean with name 'memberBindPhoneServiceImpl' defined in file [D:\Java_Projects\FINANCE\server\biz\target\classes\com\lvchenglong\biz\service\impl\MemberBindPhoneServiceImpl.class]: Unsatisfied dependency expressed through constructor parameter 1; nested exception is org.springframework.beans.factory.NoSuchBeanDefinitionException: No qualifying bean of type 'org.springframework.security.crypto.password.PasswordEncoder' available: expected at least 1 bean which qualifies as autowire candidate. Dependency annotations: {}
2024-08-20 02:27:30.556 [main] INFO  o.a.catalina.core.StandardService - Stopping service [Tomcat]
2024-08-20 02:27:30.580 [main] ERROR o.s.b.d.LoggingFailureAnalysisReporter - 

***************************
APPLICATION FAILED TO START
***************************

Description:

Parameter 1 of constructor in com.lvchenglong.biz.service.impl.MemberBindPhoneServiceImpl required a bean of type 'org.springframework.security.crypto.password.PasswordEncoder' that could not be found.


Action:

Consider defining a bean of type 'org.springframework.security.crypto.password.PasswordEncoder' in your configuration.

2024-08-20 02:35:40.185 [main] INFO  com.lvchenglong.AdminApiApplication - Starting AdminApiApplication using Java 1.8.0_321 on LAPTOP-P9DR836P with PID 33988 (D:\Java_Projects\FINANCE\server\admin-api\target\classes started by JackieCheng in D:\Java_Projects\FINANCE\server\parent)
2024-08-20 02:35:40.186 [main] DEBUG com.lvchenglong.AdminApiApplication - Running with Spring Boot v2.7.4, Spring v5.3.23
2024-08-20 02:35:40.186 [main] INFO  com.lvchenglong.AdminApiApplication - The following 1 profile is active: "local"
2024-08-20 02:35:41.011 [main] INFO  o.a.catalina.core.StandardService - Starting service [Tomcat]
2024-08-20 02:35:41.012 [main] INFO  o.a.catalina.core.StandardEngine - Starting Servlet engine: [Apache Tomcat/9.0.65]
2024-08-20 02:35:41.077 [main] INFO  o.a.c.c.C.[Tomcat].[localhost].[/] - Initializing Spring embedded WebApplicationContext
2024-08-20 02:35:41.363 [main] INFO  c.l.c.c.RedisTemplateDefaultConfig - RedisTemplateConfig init start ...
2024-08-20 02:35:41.390 [main] INFO  c.l.c.c.RedisTemplateDefaultConfig - RedisTemplateConfig init end
2024-08-20 02:35:41.530 [main] WARN  o.s.b.w.s.c.AnnotationConfigServletWebServerApplicationContext - Exception encountered during context initialization - cancelling refresh attempt: org.springframework.beans.factory.UnsatisfiedDependencyException: Error creating bean with name 'loginController' defined in file [D:\Java_Projects\FINANCE\server\admin-api\target\classes\com\lvchenglong\adminApi\controller\LoginController.class]: Unsatisfied dependency expressed through constructor parameter 0; nested exception is org.springframework.beans.factory.UnsatisfiedDependencyException: Error creating bean with name 'memberLoginServiceImpl' defined in file [D:\Java_Projects\FINANCE\server\biz\target\classes\com\lvchenglong\biz\service\impl\MemberLoginServiceImpl.class]: Unsatisfied dependency expressed through constructor parameter 1; nested exception is org.springframework.beans.factory.UnsatisfiedDependencyException: Error creating bean with name 'memberBindPhoneServiceImpl' defined in file [D:\Java_Projects\FINANCE\server\biz\target\classes\com\lvchenglong\biz\service\impl\MemberBindPhoneServiceImpl.class]: Unsatisfied dependency expressed through constructor parameter 1; nested exception is org.springframework.beans.factory.NoSuchBeanDefinitionException: No qualifying bean of type 'org.springframework.security.crypto.password.PasswordEncoder' available: expected at least 1 bean which qualifies as autowire candidate. Dependency annotations: {}
2024-08-20 02:35:41.538 [main] INFO  o.a.catalina.core.StandardService - Stopping service [Tomcat]
2024-08-20 02:35:41.556 [main] ERROR o.s.b.d.LoggingFailureAnalysisReporter - 

***************************
APPLICATION FAILED TO START
***************************

Description:

Parameter 1 of constructor in com.lvchenglong.biz.service.impl.MemberBindPhoneServiceImpl required a bean of type 'org.springframework.security.crypto.password.PasswordEncoder' that could not be found.


Action:

Consider defining a bean of type 'org.springframework.security.crypto.password.PasswordEncoder' in your configuration.

2024-08-20 02:36:22.943 [main] INFO  com.lvchenglong.AdminApiApplication - Starting AdminApiApplication using Java 1.8.0_321 on LAPTOP-P9DR836P with PID 29252 (D:\Java_Projects\FINANCE\server\admin-api\target\classes started by JackieCheng in D:\Java_Projects\FINANCE\server\parent)
2024-08-20 02:36:22.945 [main] DEBUG com.lvchenglong.AdminApiApplication - Running with Spring Boot v2.7.4, Spring v5.3.23
2024-08-20 02:36:22.945 [main] INFO  com.lvchenglong.AdminApiApplication - The following 1 profile is active: "local"
2024-08-20 02:36:23.723 [main] INFO  o.a.catalina.core.StandardService - Starting service [Tomcat]
2024-08-20 02:36:23.723 [main] INFO  o.a.catalina.core.StandardEngine - Starting Servlet engine: [Apache Tomcat/9.0.65]
2024-08-20 02:36:23.797 [main] INFO  o.a.c.c.C.[Tomcat].[localhost].[/] - Initializing Spring embedded WebApplicationContext
2024-08-20 02:36:24.091 [main] INFO  c.l.c.c.RedisTemplateDefaultConfig - RedisTemplateConfig init start ...
2024-08-20 02:36:24.118 [main] INFO  c.l.c.c.RedisTemplateDefaultConfig - RedisTemplateConfig init end
2024-08-20 02:36:24.683 [main] INFO  com.lvchenglong.AdminApiApplication - Started AdminApiApplication in 2.01 seconds (JVM running for 2.435)
2024-08-20 02:37:01.449 [main] INFO  com.lvchenglong.AdminApiApplication - Starting AdminApiApplication using Java 1.8.0_321 on LAPTOP-P9DR836P with PID 29052 (D:\Java_Projects\FINANCE\server\admin-api\target\classes started by JackieCheng in D:\Java_Projects\FINANCE\server\parent)
2024-08-20 02:37:01.450 [main] DEBUG com.lvchenglong.AdminApiApplication - Running with Spring Boot v2.7.4, Spring v5.3.23
2024-08-20 02:37:01.450 [main] INFO  com.lvchenglong.AdminApiApplication - The following 1 profile is active: "local"
2024-08-20 02:37:02.240 [main] INFO  o.a.catalina.core.StandardService - Starting service [Tomcat]
2024-08-20 02:37:02.240 [main] INFO  o.a.catalina.core.StandardEngine - Starting Servlet engine: [Apache Tomcat/9.0.65]
2024-08-20 02:37:02.307 [main] INFO  o.a.c.c.C.[Tomcat].[localhost].[/] - Initializing Spring embedded WebApplicationContext
2024-08-20 02:37:02.593 [main] INFO  c.l.c.c.RedisTemplateDefaultConfig - RedisTemplateConfig init start ...
2024-08-20 02:37:02.620 [main] INFO  c.l.c.c.RedisTemplateDefaultConfig - RedisTemplateConfig init end
2024-08-20 02:37:03.173 [main] INFO  com.lvchenglong.AdminApiApplication - Started AdminApiApplication in 1.987 seconds (JVM running for 2.413)
2024-08-20 02:37:08.170 [http-nio-8091-exec-1] INFO  o.a.c.c.C.[Tomcat].[localhost].[/] - Initializing Spring DispatcherServlet 'dispatcherServlet'
2024-08-20 02:44:01.649 [http-nio-8091-exec-9] INFO  c.l.c.e.GlobalExceptionHandler - ParameterException:
com.lvchenglong.common.exception.ParameterException: parameter_invalid
	at com.lvchenglong.biz.service.impl.MemberLoginServiceImpl.checkBase64Code(MemberLoginServiceImpl.java:63)
	at com.lvchenglong.biz.service.impl.MemberLoginServiceImpl.sendSmsCode(MemberLoginServiceImpl.java:74)
	at com.lvchenglong.adminApi.controller.LoginController.sendSmsCode(LoginController.java:42)
	at sun.reflect.NativeMethodAccessorImpl.invoke0(Native Method)
	at sun.reflect.NativeMethodAccessorImpl.invoke(NativeMethodAccessorImpl.java:62)
	at sun.reflect.DelegatingMethodAccessorImpl.invoke(DelegatingMethodAccessorImpl.java:43)
	at java.lang.reflect.Method.invoke(Method.java:498)
	at org.springframework.web.method.support.InvocableHandlerMethod.doInvoke(InvocableHandlerMethod.java:205)
	at org.springframework.web.method.support.InvocableHandlerMethod.invokeForRequest(InvocableHandlerMethod.java:150)
	at org.springframework.web.servlet.mvc.method.annotation.ServletInvocableHandlerMethod.invokeAndHandle(ServletInvocableHandlerMethod.java:117)
	at org.springframework.web.servlet.mvc.method.annotation.RequestMappingHandlerAdapter.invokeHandlerMethod(RequestMappingHandlerAdapter.java:895)
	at org.springframework.web.servlet.mvc.method.annotation.RequestMappingHandlerAdapter.handleInternal(RequestMappingHandlerAdapter.java:808)
	at org.springframework.web.servlet.mvc.method.AbstractHandlerMethodAdapter.handle(AbstractHandlerMethodAdapter.java:87)
	at org.springframework.web.servlet.DispatcherServlet.doDispatch(DispatcherServlet.java:1071)
	at org.springframework.web.servlet.DispatcherServlet.doService(DispatcherServlet.java:964)
	at org.springframework.web.servlet.FrameworkServlet.processRequest(FrameworkServlet.java:1006)
	at org.springframework.web.servlet.FrameworkServlet.doGet(FrameworkServlet.java:898)
	at javax.servlet.http.HttpServlet.service(HttpServlet.java:655)
	at org.springframework.web.servlet.FrameworkServlet.service(FrameworkServlet.java:883)
	at javax.servlet.http.HttpServlet.service(HttpServlet.java:764)
	at org.apache.catalina.core.ApplicationFilterChain.internalDoFilter(ApplicationFilterChain.java:227)
	at org.apache.catalina.core.ApplicationFilterChain.doFilter(ApplicationFilterChain.java:162)
	at org.apache.tomcat.websocket.server.WsFilter.doFilter(WsFilter.java:53)
	at org.apache.catalina.core.ApplicationFilterChain.internalDoFilter(ApplicationFilterChain.java:189)
	at org.apache.catalina.core.ApplicationFilterChain.doFilter(ApplicationFilterChain.java:162)
	at org.springframework.web.filter.RequestContextFilter.doFilterInternal(RequestContextFilter.java:100)
	at org.springframework.web.filter.OncePerRequestFilter.doFilter(OncePerRequestFilter.java:117)
	at org.apache.catalina.core.ApplicationFilterChain.internalDoFilter(ApplicationFilterChain.java:189)
	at org.apache.catalina.core.ApplicationFilterChain.doFilter(ApplicationFilterChain.java:162)
	at org.springframework.web.filter.FormContentFilter.doFilterInternal(FormContentFilter.java:93)
	at org.springframework.web.filter.OncePerRequestFilter.doFilter(OncePerRequestFilter.java:117)
	at org.apache.catalina.core.ApplicationFilterChain.internalDoFilter(ApplicationFilterChain.java:189)
	at org.apache.catalina.core.ApplicationFilterChain.doFilter(ApplicationFilterChain.java:162)
	at org.springframework.web.filter.CharacterEncodingFilter.doFilterInternal(CharacterEncodingFilter.java:201)
	at org.springframework.web.filter.OncePerRequestFilter.doFilter(OncePerRequestFilter.java:117)
	at org.apache.catalina.core.ApplicationFilterChain.internalDoFilter(ApplicationFilterChain.java:189)
	at org.apache.catalina.core.ApplicationFilterChain.doFilter(ApplicationFilterChain.java:162)
	at org.apache.catalina.core.StandardWrapperValve.invoke(StandardWrapperValve.java:197)
	at org.apache.catalina.core.StandardContextValve.invoke(StandardContextValve.java:97)
	at org.apache.catalina.authenticator.AuthenticatorBase.invoke(AuthenticatorBase.java:541)
	at org.apache.catalina.core.StandardHostValve.invoke(StandardHostValve.java:135)
	at org.apache.catalina.valves.ErrorReportValve.invoke(ErrorReportValve.java:92)
	at org.apache.catalina.core.StandardEngineValve.invoke(StandardEngineValve.java:78)
	at org.apache.catalina.connector.CoyoteAdapter.service(CoyoteAdapter.java:360)
	at org.apache.coyote.http11.Http11Processor.service(Http11Processor.java:399)
	at org.apache.coyote.AbstractProcessorLight.process(AbstractProcessorLight.java:65)
	at org.apache.coyote.AbstractProtocol$ConnectionHandler.process(AbstractProtocol.java:890)
	at org.apache.tomcat.util.net.NioEndpoint$SocketProcessor.doRun(NioEndpoint.java:1789)
	at org.apache.tomcat.util.net.SocketProcessorBase.run(SocketProcessorBase.java:49)
	at org.apache.tomcat.util.threads.ThreadPoolExecutor.runWorker(ThreadPoolExecutor.java:1191)
	at org.apache.tomcat.util.threads.ThreadPoolExecutor$Worker.run(ThreadPoolExecutor.java:659)
	at org.apache.tomcat.util.threads.TaskThread$WrappingRunnable.run(TaskThread.java:61)
	at java.lang.Thread.run(Thread.java:750)
2024-08-20 02:51:49.034 [main] INFO  com.lvchenglong.AdminApiApplication - Starting AdminApiApplication using Java 1.8.0_321 on LAPTOP-P9DR836P with PID 33912 (D:\Java_Projects\FINANCE\server\admin-api\target\classes started by JackieCheng in D:\Java_Projects\FINANCE\server\parent)
2024-08-20 02:51:49.035 [main] DEBUG com.lvchenglong.AdminApiApplication - Running with Spring Boot v2.7.4, Spring v5.3.23
2024-08-20 02:51:49.036 [main] INFO  com.lvchenglong.AdminApiApplication - The following 1 profile is active: "local"
2024-08-20 02:51:49.916 [main] INFO  o.a.catalina.core.StandardService - Starting service [Tomcat]
2024-08-20 02:51:49.917 [main] INFO  o.a.catalina.core.StandardEngine - Starting Servlet engine: [Apache Tomcat/9.0.65]
2024-08-20 02:51:49.988 [main] INFO  o.a.c.c.C.[Tomcat].[localhost].[/] - Initializing Spring embedded WebApplicationContext
2024-08-20 02:51:50.359 [main] INFO  c.l.c.c.RedisTemplateDefaultConfig - RedisTemplateConfig init start ...
2024-08-20 02:51:50.388 [main] INFO  c.l.c.c.RedisTemplateDefaultConfig - RedisTemplateConfig init end
2024-08-20 02:51:50.943 [main] INFO  com.lvchenglong.AdminApiApplication - Started AdminApiApplication in 2.176 seconds (JVM running for 2.628)
2024-08-20 02:51:55.384 [http-nio-8091-exec-1] INFO  o.a.c.c.C.[Tomcat].[localhost].[/] - Initializing Spring DispatcherServlet 'dispatcherServlet'
2024-08-20 02:52:26.285 [http-nio-8091-exec-10] INFO  c.l.b.s.impl.MemberLoginServiceImpl - 图形验证码wpx8n
2024-08-20 02:53:25.514 [http-nio-8091-exec-7] INFO  com.zaxxer.hikari.HikariDataSource - Hikari - Starting...
2024-08-20 02:53:25.609 [http-nio-8091-exec-7] INFO  com.zaxxer.hikari.HikariDataSource - Hikari - Start completed.
2024-08-20 02:53:25.614 [http-nio-8091-exec-7] DEBUG c.l.b.m.MemberBindPhoneMapper.topOne - ==>  Preparing: select member_id,phone,password from member_bind_phone WHERE ( phone = ? ) limit 1
2024-08-20 02:53:25.626 [http-nio-8091-exec-7] DEBUG c.l.b.m.MemberBindPhoneMapper.topOne - ==> Parameters: 17840632730(String)
2024-08-20 02:53:25.636 [http-nio-8091-exec-7] DEBUG c.l.b.m.MemberBindPhoneMapper.topOne - <==      Total: 0
2024-08-20 02:53:25.648 [http-nio-8091-exec-7] INFO  c.l.b.s.impl.MemberLoginServiceImpl - 客户端id5c02e242758b4c5c8d05e65217654265,手机号：wpx8n,短信验证码：444456
2024-08-20 02:56:09.317 [SpringApplicationShutdownHook] INFO  com.zaxxer.hikari.HikariDataSource - Hikari - Shutdown initiated...
2024-08-20 02:56:09.320 [SpringApplicationShutdownHook] INFO  com.zaxxer.hikari.HikariDataSource - Hikari - Shutdown completed.
